<?xml version="1.0" encoding="UTF-8"?>
<!-- Generated by org.testng.reporters.JUnitReportReporter -->
<testsuite hostname="DESKTOP-GE28M2O" failures="0" tests="2" name="luma.TestLuma" time="12.184" errors="0" timestamp="2024-07-30T20:45:59 IST" skipped="0">
  <testcase classname="luma.TestLuma" name="forgotPass" time="10.439"/>
  <testcase classname="luma.TestLuma" name="testLogo" time="1.745"/>
</testsuite> <!-- luma.TestLuma -->
